[0.009s] Invoking command in '/root/ws/src/box_measurement_srv/build/box_measurement_srv': CMAKE_PREFIX_PATH=${CMAKE_PREFIX_PATH}:/root/ws/install/box_measurement:/opt/ros/foxy /usr/bin/cmake /root/ws/src/box_measurement_srv -DCMAKE_INSTALL_PREFIX=/root/ws/src/box_measurement_srv/install/box_measurement_srv
[0.044s] -- The C compiler identification is GNU 9.4.0
[0.076s] -- The CXX compiler identification is GNU 9.4.0
[0.079s] -- Check for working C compiler: /usr/bin/cc
[0.129s] -- Check for working C compiler: /usr/bin/cc -- works
[0.131s] -- Detecting C compiler ABI info
[0.179s] -- Detecting C compiler ABI info - done
[0.185s] -- Detecting C compile features
[0.185s] -- Detecting C compile features - done
[0.186s] -- Check for working CXX compiler: /usr/bin/c++
[0.233s] -- Check for working CXX compiler: /usr/bin/c++ -- works
[0.234s] -- Detecting CXX compiler ABI info
[0.282s] -- Detecting CXX compiler ABI info - done
[0.288s] -- Detecting CXX compile features
[0.288s] -- Detecting CXX compile features - done
[0.290s] -- Found ament_cmake: 0.9.11 (/opt/ros/foxy/share/ament_cmake/cmake)
[0.304s] -- Found PythonInterp: /usr/bin/python3 (found suitable version "3.8.10", minimum required is "3") 
[0.304s] -- Using PYTHON_EXECUTABLE: /usr/bin/python3
[0.393s] -- Found rosidl_default_generators: 1.0.1 (/opt/ros/foxy/share/rosidl_default_generators/cmake)
[0.395s] -- Using all available rosidl_typesupport_c: rosidl_typesupport_fastrtps_c;rosidl_typesupport_introspection_c
[0.400s] -- Found rosidl_adapter: 1.3.0 (/opt/ros/foxy/share/rosidl_adapter/cmake)
[0.459s] -- Found OpenSSL: /usr/lib/x86_64-linux-gnu/libcrypto.so (found version "1.1.1f")  
[0.476s] -- Found FastRTPS: /opt/ros/foxy/include  
[0.523s] -- Using all available rosidl_typesupport_cpp: rosidl_typesupport_fastrtps_cpp;rosidl_typesupport_introspection_cpp
[0.539s] -- Found std_srvs: 2.0.5 (/opt/ros/foxy/share/std_srvs/cmake)
[0.553s] -- Found std_msgs: 2.0.5 (/opt/ros/foxy/share/std_msgs/cmake)
[0.584s] -- Found PythonInterp: /usr/bin/python3 (found version "3.8.10") 
[0.668s] -- Found ament_cmake_ros: 0.9.2 (/opt/ros/foxy/share/ament_cmake_ros/cmake)
[0.774s] -- Using all available rosidl_typesupport_c: rosidl_typesupport_fastrtps_c;rosidl_typesupport_introspection_c
[0.807s] -- Using all available rosidl_typesupport_cpp: rosidl_typesupport_fastrtps_cpp;rosidl_typesupport_introspection_cpp
[0.822s] -- Found PythonInterp: /usr/bin/python3 (found suitable version "3.8.10", minimum required is "3.5") 
[0.823s] -- Found python_cmake_module: 0.8.1 (/opt/ros/foxy/share/python_cmake_module/cmake)
[0.838s] -- Found PythonLibs: /usr/lib/x86_64-linux-gnu/libpython3.8.so (found suitable version "3.8.10", minimum required is "3.5") 
[0.838s] -- Using PYTHON_EXECUTABLE: /usr/bin/python3
[0.838s] -- Using PYTHON_INCLUDE_DIRS: /usr/include/python3.8
[0.838s] -- Using PYTHON_LIBRARIES: /usr/lib/x86_64-linux-gnu/libpython3.8.so
[0.850s] -- Found PythonExtra: .so  
[0.887s] -- Found ament_lint_auto: 0.9.8 (/opt/ros/foxy/share/ament_lint_auto/cmake)
[0.900s] -- Added test 'copyright' to check source files copyright and LICENSE
[0.906s] -- Added test 'cppcheck' to perform static code analysis on C / C++ code
[0.907s] -- Configured cppcheck include dirs: $<BUILD_INTERFACE:/root/ws/src/box_measurement_srv/build/box_measurement_srv/rosidl_generator_c>;/root/ws/src/box_measurement_srv/build/box_measurement_srv/rosidl_generator_c;/root/ws/src/box_measurement_srv/build/box_measurement_srv/rosidl_generator_cpp;/root/ws/src/box_measurement_srv/build/box_measurement_srv/rosidl_typesupport_fastrtps_c;/root/ws/src/box_measurement_srv/build/box_measurement_srv/rosidl_typesupport_fastrtps_cpp;$<BUILD_INTERFACE:/root/ws/src/box_measurement_srv/build/box_measurement_srv/rosidl_typesupport_introspection_c>;$<BUILD_INTERFACE:/root/ws/src/box_measurement_srv/build/box_measurement_srv/rosidl_typesupport_c>;$<BUILD_INTERFACE:/root/ws/src/box_measurement_srv/build/box_measurement_srv/rosidl_generator_cpp>;/root/ws/src/box_measurement_srv/build/box_measurement_srv/rosidl_generator_py
[0.907s] -- Configured cppcheck exclude dirs and/or files: 
[0.913s] -- Added test 'cpplint' to check C / C++ code against the Google style
[0.913s] -- Configured cpplint exclude dirs and/or files: 
[0.914s] -- Added test 'flake8' to check Python code syntax and style conventions
[0.915s] -- Added test 'lint_cmake' to check CMake code style
[0.916s] -- Added test 'pep257' to check Python code against some of the style conventions in PEP 257
[0.921s] -- Added test 'uncrustify' to check C / C++ code style
[0.922s] -- Configured uncrustify additional arguments: 
[0.922s] -- Added test 'xmllint' to check XML markup files
[0.925s] -- Configuring done
[0.960s] -- Generating done
[0.962s] -- Build files have been written to: /root/ws/src/box_measurement_srv/build/box_measurement_srv
[0.967s] Invoked command in '/root/ws/src/box_measurement_srv/build/box_measurement_srv' returned '0': CMAKE_PREFIX_PATH=${CMAKE_PREFIX_PATH}:/root/ws/install/box_measurement:/opt/ros/foxy /usr/bin/cmake /root/ws/src/box_measurement_srv -DCMAKE_INSTALL_PREFIX=/root/ws/src/box_measurement_srv/install/box_measurement_srv
[0.969s] Invoking command in '/root/ws/src/box_measurement_srv/build/box_measurement_srv': CMAKE_PREFIX_PATH=${CMAKE_PREFIX_PATH}:/root/ws/install/box_measurement:/opt/ros/foxy /usr/bin/cmake --build /root/ws/src/box_measurement_srv/build/box_measurement_srv -- -j16 -l16
[0.994s] [35m[1mScanning dependencies of target box_measurement_srv__cpp[0m
[0.994s] [  3%] [34m[1mGenerating C code for ROS interfaces[0m
[1.000s] [  6%] [34m[1mGenerating C++ code for ROS interfaces[0m
[1.116s] [  6%] Built target box_measurement_srv__cpp
[1.118s] [35m[1mScanning dependencies of target box_measurement_srv__rosidl_generator_c[0m
[1.123s] [  9%] [34m[1mGenerating C++ type support dispatch for ROS interfaces[0m
[1.123s] [ 12%] [34m[1mGenerating C++ type support for eProsima Fast-RTPS[0m
[1.123s] [ 16%] [34m[1mGenerating C++ introspection for ROS interfaces[0m
[1.125s] [ 19%] [32mBuilding C object CMakeFiles/box_measurement_srv__rosidl_generator_c.dir/rosidl_generator_c/box_measurement_srv/srv/detail/box_dimensions__functions.c.o[0m
[1.164s] [ 22%] [32m[1mLinking C shared library libbox_measurement_srv__rosidl_generator_c.so[0m
[1.189s] [ 22%] Built target box_measurement_srv__rosidl_generator_c
[1.196s] [ 29%] [34m[1mGenerating C type support dispatch for ROS interfaces[0m
[1.196s] [ 29%] [34m[1mGenerating C introspection for ROS interfaces[0m
[1.236s] [35m[1mScanning dependencies of target box_measurement_srv__rosidl_typesupport_cpp[0m
[1.244s] [ 32%] [32mBuilding CXX object CMakeFiles/box_measurement_srv__rosidl_typesupport_cpp.dir/rosidl_typesupport_cpp/box_measurement_srv/srv/box_dimensions__type_support.cpp.o[0m
[1.246s] [35m[1mScanning dependencies of target box_measurement_srv__rosidl_typesupport_introspection_cpp[0m
[1.254s] [ 35%] [32mBuilding CXX object CMakeFiles/box_measurement_srv__rosidl_typesupport_introspection_cpp.dir/rosidl_typesupport_introspection_cpp/box_measurement_srv/srv/detail/box_dimensions__type_support.cpp.o[0m
[1.254s] [35m[1mScanning dependencies of target box_measurement_srv__rosidl_typesupport_fastrtps_cpp[0m
[1.265s] [ 38%] [32mBuilding CXX object CMakeFiles/box_measurement_srv__rosidl_typesupport_fastrtps_cpp.dir/rosidl_typesupport_fastrtps_cpp/box_measurement_srv/srv/detail/dds_fastrtps/box_dimensions__type_support.cpp.o[0m
[1.310s] [35m[1mScanning dependencies of target box_measurement_srv__rosidl_typesupport_c[0m
[1.318s] [ 41%] [32mBuilding CXX object CMakeFiles/box_measurement_srv__rosidl_typesupport_c.dir/rosidl_typesupport_c/box_measurement_srv/srv/box_dimensions__type_support.cpp.o[0m
[1.324s] [35m[1mScanning dependencies of target box_measurement_srv__rosidl_typesupport_introspection_c[0m
[1.333s] [ 45%] [32mBuilding C object CMakeFiles/box_measurement_srv__rosidl_typesupport_introspection_c.dir/rosidl_typesupport_introspection_c/box_measurement_srv/srv/detail/box_dimensions__type_support.c.o[0m
[1.340s] [ 48%] [32m[1mLinking CXX shared library libbox_measurement_srv__rosidl_typesupport_c.so[0m
[1.357s] [ 51%] [32m[1mLinking C shared library libbox_measurement_srv__rosidl_typesupport_introspection_c.so[0m
[1.368s] [ 51%] Built target box_measurement_srv__rosidl_typesupport_c
[1.379s] [ 51%] Built target box_measurement_srv__rosidl_typesupport_introspection_c
[1.398s] [ 54%] [32m[1mLinking CXX shared library libbox_measurement_srv__rosidl_typesupport_cpp.so[0m
[1.405s] [ 58%] [32m[1mLinking CXX shared library libbox_measurement_srv__rosidl_typesupport_introspection_cpp.so[0m
[1.427s] [ 58%] Built target box_measurement_srv__rosidl_typesupport_cpp
[1.435s] [ 58%] Built target box_measurement_srv__rosidl_typesupport_introspection_cpp
[1.486s] [ 61%] [32m[1mLinking CXX shared library libbox_measurement_srv__rosidl_typesupport_fastrtps_cpp.so[0m
[1.538s] [ 61%] Built target box_measurement_srv__rosidl_typesupport_fastrtps_cpp
[1.545s] [ 64%] [34m[1mGenerating C type support for eProsima Fast-RTPS[0m
[1.660s] [35m[1mScanning dependencies of target box_measurement_srv__rosidl_typesupport_fastrtps_c[0m
[1.672s] [ 67%] [32mBuilding CXX object CMakeFiles/box_measurement_srv__rosidl_typesupport_fastrtps_c.dir/rosidl_typesupport_fastrtps_c/box_measurement_srv/srv/detail/box_dimensions__type_support_c.cpp.o[0m
[1.841s] [ 70%] [32m[1mLinking CXX shared library libbox_measurement_srv__rosidl_typesupport_fastrtps_c.so[0m
[1.893s] [ 70%] Built target box_measurement_srv__rosidl_typesupport_fastrtps_c
[1.899s] [35m[1mScanning dependencies of target box_measurement_srv[0m
[1.906s] [ 70%] Built target box_measurement_srv
[1.912s] [35m[1mScanning dependencies of target box_measurement_srv__py[0m
[1.918s] [ 74%] [34m[1mGenerating Python code for ROS interfaces[0m
[2.130s] [ 74%] Built target box_measurement_srv__py
[2.136s] [35m[1mScanning dependencies of target box_measurement_srv__python[0m
[2.147s] [ 77%] [32mBuilding C object CMakeFiles/box_measurement_srv__python.dir/rosidl_generator_py/box_measurement_srv/srv/_box_dimensions_s.c.o[0m
[2.203s] [ 80%] [32m[1mLinking C shared library rosidl_generator_py/box_measurement_srv/libbox_measurement_srv__python.so[0m
[2.231s] [ 80%] Built target box_measurement_srv__python
[2.239s] [35m[1mScanning dependencies of target box_measurement_srv__rosidl_typesupport_c__pyext[0m
[2.239s] [35m[1mScanning dependencies of target box_measurement_srv__rosidl_typesupport_introspection_c__pyext[0m
[2.239s] [35m[1mScanning dependencies of target box_measurement_srv__rosidl_typesupport_fastrtps_c__pyext[0m
[2.250s] [ 90%] [32mBuilding C object CMakeFiles/box_measurement_srv__rosidl_typesupport_c__pyext.dir/rosidl_generator_py/box_measurement_srv/_box_measurement_srv_s.ep.rosidl_typesupport_c.c.o[0m
[2.250s] [ 90%] [32mBuilding C object CMakeFiles/box_measurement_srv__rosidl_typesupport_introspection_c__pyext.dir/rosidl_generator_py/box_measurement_srv/_box_measurement_srv_s.ep.rosidl_typesupport_introspection_c.c.o[0m
[2.251s] [ 90%] [32mBuilding C object CMakeFiles/box_measurement_srv__rosidl_typesupport_fastrtps_c__pyext.dir/rosidl_generator_py/box_measurement_srv/_box_measurement_srv_s.ep.rosidl_typesupport_fastrtps_c.c.o[0m
[2.300s] [100%] [32m[1mLinking C shared library rosidl_generator_py/box_measurement_srv/box_measurement_srv_s__rosidl_typesupport_c.cpython-38-x86_64-linux-gnu.so[0m
[2.300s] [100%] [32m[1mLinking C shared library rosidl_generator_py/box_measurement_srv/box_measurement_srv_s__rosidl_typesupport_introspection_c.cpython-38-x86_64-linux-gnu.so[0m
[2.300s] [100%] [32m[1mLinking CXX shared library rosidl_generator_py/box_measurement_srv/box_measurement_srv_s__rosidl_typesupport_fastrtps_c.cpython-38-x86_64-linux-gnu.so[0m
[2.326s] [100%] Built target box_measurement_srv__rosidl_typesupport_c__pyext
[2.326s] [100%] Built target box_measurement_srv__rosidl_typesupport_introspection_c__pyext
[2.343s] [100%] Built target box_measurement_srv__rosidl_typesupport_fastrtps_c__pyext
[2.351s] Invoked command in '/root/ws/src/box_measurement_srv/build/box_measurement_srv' returned '0': CMAKE_PREFIX_PATH=${CMAKE_PREFIX_PATH}:/root/ws/install/box_measurement:/opt/ros/foxy /usr/bin/cmake --build /root/ws/src/box_measurement_srv/build/box_measurement_srv -- -j16 -l16
[2.390s] Invoking command in '/root/ws/src/box_measurement_srv/build/box_measurement_srv': CMAKE_PREFIX_PATH=${CMAKE_PREFIX_PATH}:/root/ws/install/box_measurement:/opt/ros/foxy /usr/bin/cmake --install /root/ws/src/box_measurement_srv/build/box_measurement_srv
[2.396s] -- Install configuration: ""
[2.396s] -- Installing: /root/ws/src/box_measurement_srv/install/box_measurement_srv/share/ament_index/resource_index/rosidl_interfaces/box_measurement_srv
[2.396s] -- Installing: /root/ws/src/box_measurement_srv/install/box_measurement_srv/include/box_measurement_srv
[2.396s] -- Installing: /root/ws/src/box_measurement_srv/install/box_measurement_srv/include/box_measurement_srv/srv
[2.396s] -- Installing: /root/ws/src/box_measurement_srv/install/box_measurement_srv/include/box_measurement_srv/srv/detail
[2.396s] -- Installing: /root/ws/src/box_measurement_srv/install/box_measurement_srv/include/box_measurement_srv/srv/detail/box_dimensions__functions.c
[2.397s] -- Installing: /root/ws/src/box_measurement_srv/install/box_measurement_srv/include/box_measurement_srv/srv/detail/box_dimensions__type_support.h
[2.397s] -- Installing: /root/ws/src/box_measurement_srv/install/box_measurement_srv/include/box_measurement_srv/srv/detail/box_dimensions__functions.h
[2.397s] -- Installing: /root/ws/src/box_measurement_srv/install/box_measurement_srv/include/box_measurement_srv/srv/detail/box_dimensions__struct.h
[2.397s] -- Installing: /root/ws/src/box_measurement_srv/install/box_measurement_srv/include/box_measurement_srv/srv/box_dimensions.h
[2.397s] -- Installing: /root/ws/src/box_measurement_srv/install/box_measurement_srv/include/box_measurement_srv/msg
[2.397s] -- Installing: /root/ws/src/box_measurement_srv/install/box_measurement_srv/include/box_measurement_srv/msg/rosidl_generator_c__visibility_control.h
[2.397s] -- Installing: /root/ws/src/box_measurement_srv/install/box_measurement_srv/share/box_measurement_srv/environment/library_path.sh
[2.397s] -- Installing: /root/ws/src/box_measurement_srv/install/box_measurement_srv/share/box_measurement_srv/environment/library_path.dsv
[2.397s] -- Installing: /root/ws/src/box_measurement_srv/install/box_measurement_srv/lib/libbox_measurement_srv__rosidl_generator_c.so
[2.397s] -- Set runtime path of "/root/ws/src/box_measurement_srv/install/box_measurement_srv/lib/libbox_measurement_srv__rosidl_generator_c.so" to ""
[2.397s] -- Up-to-date: /root/ws/src/box_measurement_srv/install/box_measurement_srv/include/box_measurement_srv
[2.397s] -- Up-to-date: /root/ws/src/box_measurement_srv/install/box_measurement_srv/include/box_measurement_srv/srv
[2.397s] -- Up-to-date: /root/ws/src/box_measurement_srv/install/box_measurement_srv/include/box_measurement_srv/srv/detail
[2.397s] -- Installing: /root/ws/src/box_measurement_srv/install/box_measurement_srv/include/box_measurement_srv/srv/detail/box_dimensions__rosidl_typesupport_fastrtps_c.h
[2.397s] -- Up-to-date: /root/ws/src/box_measurement_srv/install/box_measurement_srv/include/box_measurement_srv/msg
[2.397s] -- Installing: /root/ws/src/box_measurement_srv/install/box_measurement_srv/include/box_measurement_srv/msg/rosidl_typesupport_fastrtps_c__visibility_control.h
[2.398s] -- Installing: /root/ws/src/box_measurement_srv/install/box_measurement_srv/lib/libbox_measurement_srv__rosidl_typesupport_fastrtps_c.so
[2.398s] -- Set runtime path of "/root/ws/src/box_measurement_srv/install/box_measurement_srv/lib/libbox_measurement_srv__rosidl_typesupport_fastrtps_c.so" to ""
[2.398s] -- Up-to-date: /root/ws/src/box_measurement_srv/install/box_measurement_srv/include/box_measurement_srv
[2.398s] -- Up-to-date: /root/ws/src/box_measurement_srv/install/box_measurement_srv/include/box_measurement_srv/srv
[2.398s] -- Up-to-date: /root/ws/src/box_measurement_srv/install/box_measurement_srv/include/box_measurement_srv/srv/detail
[2.398s] -- Installing: /root/ws/src/box_measurement_srv/install/box_measurement_srv/include/box_measurement_srv/srv/detail/dds_fastrtps
[2.398s] -- Installing: /root/ws/src/box_measurement_srv/install/box_measurement_srv/include/box_measurement_srv/srv/detail/box_dimensions__rosidl_typesupport_fastrtps_cpp.hpp
[2.398s] -- Up-to-date: /root/ws/src/box_measurement_srv/install/box_measurement_srv/include/box_measurement_srv/msg
[2.398s] -- Installing: /root/ws/src/box_measurement_srv/install/box_measurement_srv/include/box_measurement_srv/msg/rosidl_typesupport_fastrtps_cpp__visibility_control.h
[2.398s] -- Installing: /root/ws/src/box_measurement_srv/install/box_measurement_srv/lib/libbox_measurement_srv__rosidl_typesupport_fastrtps_cpp.so
[2.399s] -- Set runtime path of "/root/ws/src/box_measurement_srv/install/box_measurement_srv/lib/libbox_measurement_srv__rosidl_typesupport_fastrtps_cpp.so" to ""
[2.399s] -- Up-to-date: /root/ws/src/box_measurement_srv/install/box_measurement_srv/include/box_measurement_srv
[2.399s] -- Up-to-date: /root/ws/src/box_measurement_srv/install/box_measurement_srv/include/box_measurement_srv/srv
[2.399s] -- Up-to-date: /root/ws/src/box_measurement_srv/install/box_measurement_srv/include/box_measurement_srv/srv/detail
[2.399s] -- Installing: /root/ws/src/box_measurement_srv/install/box_measurement_srv/include/box_measurement_srv/srv/detail/box_dimensions__type_support.c
[2.399s] -- Installing: /root/ws/src/box_measurement_srv/install/box_measurement_srv/include/box_measurement_srv/srv/detail/box_dimensions__rosidl_typesupport_introspection_c.h
[2.399s] -- Up-to-date: /root/ws/src/box_measurement_srv/install/box_measurement_srv/include/box_measurement_srv/msg
[2.399s] -- Installing: /root/ws/src/box_measurement_srv/install/box_measurement_srv/include/box_measurement_srv/msg/rosidl_typesupport_introspection_c__visibility_control.h
[2.399s] -- Installing: /root/ws/src/box_measurement_srv/install/box_measurement_srv/lib/libbox_measurement_srv__rosidl_typesupport_introspection_c.so
[2.399s] -- Set runtime path of "/root/ws/src/box_measurement_srv/install/box_measurement_srv/lib/libbox_measurement_srv__rosidl_typesupport_introspection_c.so" to ""
[2.399s] -- Installing: /root/ws/src/box_measurement_srv/install/box_measurement_srv/lib/libbox_measurement_srv__rosidl_typesupport_c.so
[2.399s] -- Set runtime path of "/root/ws/src/box_measurement_srv/install/box_measurement_srv/lib/libbox_measurement_srv__rosidl_typesupport_c.so" to ""
[2.399s] -- Up-to-date: /root/ws/src/box_measurement_srv/install/box_measurement_srv/include/box_measurement_srv
[2.399s] -- Up-to-date: /root/ws/src/box_measurement_srv/install/box_measurement_srv/include/box_measurement_srv/srv
[2.399s] -- Up-to-date: /root/ws/src/box_measurement_srv/install/box_measurement_srv/include/box_measurement_srv/srv/detail
[2.399s] -- Installing: /root/ws/src/box_measurement_srv/install/box_measurement_srv/include/box_measurement_srv/srv/detail/box_dimensions__traits.hpp
[2.399s] -- Installing: /root/ws/src/box_measurement_srv/install/box_measurement_srv/include/box_measurement_srv/srv/detail/box_dimensions__builder.hpp
[2.399s] -- Installing: /root/ws/src/box_measurement_srv/install/box_measurement_srv/include/box_measurement_srv/srv/detail/box_dimensions__struct.hpp
[2.400s] -- Installing: /root/ws/src/box_measurement_srv/install/box_measurement_srv/include/box_measurement_srv/srv/box_dimensions.hpp
[2.400s] -- Up-to-date: /root/ws/src/box_measurement_srv/install/box_measurement_srv/include/box_measurement_srv
[2.400s] -- Up-to-date: /root/ws/src/box_measurement_srv/install/box_measurement_srv/include/box_measurement_srv/srv
[2.400s] -- Up-to-date: /root/ws/src/box_measurement_srv/install/box_measurement_srv/include/box_measurement_srv/srv/detail
[2.400s] -- Installing: /root/ws/src/box_measurement_srv/install/box_measurement_srv/include/box_measurement_srv/srv/detail/box_dimensions__type_support.cpp
[2.400s] -- Installing: /root/ws/src/box_measurement_srv/install/box_measurement_srv/include/box_measurement_srv/srv/detail/box_dimensions__rosidl_typesupport_introspection_cpp.hpp
[2.400s] -- Installing: /root/ws/src/box_measurement_srv/install/box_measurement_srv/lib/libbox_measurement_srv__rosidl_typesupport_introspection_cpp.so
[2.400s] -- Set runtime path of "/root/ws/src/box_measurement_srv/install/box_measurement_srv/lib/libbox_measurement_srv__rosidl_typesupport_introspection_cpp.so" to ""
[2.400s] -- Installing: /root/ws/src/box_measurement_srv/install/box_measurement_srv/lib/libbox_measurement_srv__rosidl_typesupport_cpp.so
[2.400s] -- Set runtime path of "/root/ws/src/box_measurement_srv/install/box_measurement_srv/lib/libbox_measurement_srv__rosidl_typesupport_cpp.so" to ""
[2.400s] -- Installing: /root/ws/src/box_measurement_srv/install/box_measurement_srv/share/box_measurement_srv/environment/pythonpath.sh
[2.400s] -- Installing: /root/ws/src/box_measurement_srv/install/box_measurement_srv/share/box_measurement_srv/environment/pythonpath.dsv
[2.400s] -- Installing: /root/ws/src/box_measurement_srv/install/box_measurement_srv/lib/python3.8/site-packages/box_measurement_srv/__init__.py
[2.418s] Compiling '/root/ws/src/box_measurement_srv/install/box_measurement_srv/lib/python3.8/site-packages/box_measurement_srv/__init__.py'...
[2.420s] -- Installing: /root/ws/src/box_measurement_srv/install/box_measurement_srv/lib/python3.8/site-packages/box_measurement_srv/srv
[2.420s] -- Installing: /root/ws/src/box_measurement_srv/install/box_measurement_srv/lib/python3.8/site-packages/box_measurement_srv/srv/_box_dimensions.py
[2.420s] -- Installing: /root/ws/src/box_measurement_srv/install/box_measurement_srv/lib/python3.8/site-packages/box_measurement_srv/srv/_box_dimensions_s.c
[2.420s] -- Installing: /root/ws/src/box_measurement_srv/install/box_measurement_srv/lib/python3.8/site-packages/box_measurement_srv/srv/__init__.py
[2.420s] -- Installing: /root/ws/src/box_measurement_srv/install/box_measurement_srv/lib/python3.8/site-packages/box_measurement_srv/box_measurement_srv_s__rosidl_typesupport_fastrtps_c.cpython-38-x86_64-linux-gnu.so
[2.421s] -- Set runtime path of "/root/ws/src/box_measurement_srv/install/box_measurement_srv/lib/python3.8/site-packages/box_measurement_srv/box_measurement_srv_s__rosidl_typesupport_fastrtps_c.cpython-38-x86_64-linux-gnu.so" to ""
[2.421s] -- Installing: /root/ws/src/box_measurement_srv/install/box_measurement_srv/lib/python3.8/site-packages/box_measurement_srv/box_measurement_srv_s__rosidl_typesupport_introspection_c.cpython-38-x86_64-linux-gnu.so
[2.421s] -- Set runtime path of "/root/ws/src/box_measurement_srv/install/box_measurement_srv/lib/python3.8/site-packages/box_measurement_srv/box_measurement_srv_s__rosidl_typesupport_introspection_c.cpython-38-x86_64-linux-gnu.so" to ""
[2.421s] -- Installing: /root/ws/src/box_measurement_srv/install/box_measurement_srv/lib/python3.8/site-packages/box_measurement_srv/box_measurement_srv_s__rosidl_typesupport_c.cpython-38-x86_64-linux-gnu.so
[2.422s] -- Set runtime path of "/root/ws/src/box_measurement_srv/install/box_measurement_srv/lib/python3.8/site-packages/box_measurement_srv/box_measurement_srv_s__rosidl_typesupport_c.cpython-38-x86_64-linux-gnu.so" to ""
[2.422s] -- Installing: /root/ws/src/box_measurement_srv/install/box_measurement_srv/lib/libbox_measurement_srv__python.so
[2.422s] -- Set runtime path of "/root/ws/src/box_measurement_srv/install/box_measurement_srv/lib/libbox_measurement_srv__python.so" to ""
[2.422s] -- Installing: /root/ws/src/box_measurement_srv/install/box_measurement_srv/share/box_measurement_srv/srv/BoxDimensions.idl
[2.422s] -- Installing: /root/ws/src/box_measurement_srv/install/box_measurement_srv/share/box_measurement_srv/srv/BoxDimensions.srv
[2.422s] -- Installing: /root/ws/src/box_measurement_srv/install/box_measurement_srv/share/box_measurement_srv/srv/BoxDimensions_Request.msg
[2.422s] -- Installing: /root/ws/src/box_measurement_srv/install/box_measurement_srv/share/box_measurement_srv/srv/BoxDimensions_Response.msg
[2.422s] -- Installing: /root/ws/src/box_measurement_srv/install/box_measurement_srv/share/ament_index/resource_index/package_run_dependencies/box_measurement_srv
[2.422s] -- Installing: /root/ws/src/box_measurement_srv/install/box_measurement_srv/share/ament_index/resource_index/parent_prefix_path/box_measurement_srv
[2.422s] -- Installing: /root/ws/src/box_measurement_srv/install/box_measurement_srv/share/box_measurement_srv/environment/ament_prefix_path.sh
[2.423s] -- Installing: /root/ws/src/box_measurement_srv/install/box_measurement_srv/share/box_measurement_srv/environment/ament_prefix_path.dsv
[2.423s] -- Installing: /root/ws/src/box_measurement_srv/install/box_measurement_srv/share/box_measurement_srv/environment/path.sh
[2.423s] -- Installing: /root/ws/src/box_measurement_srv/install/box_measurement_srv/share/box_measurement_srv/environment/path.dsv
[2.423s] -- Installing: /root/ws/src/box_measurement_srv/install/box_measurement_srv/share/box_measurement_srv/local_setup.bash
[2.423s] -- Installing: /root/ws/src/box_measurement_srv/install/box_measurement_srv/share/box_measurement_srv/local_setup.sh
[2.423s] -- Installing: /root/ws/src/box_measurement_srv/install/box_measurement_srv/share/box_measurement_srv/local_setup.zsh
[2.423s] -- Installing: /root/ws/src/box_measurement_srv/install/box_measurement_srv/share/box_measurement_srv/local_setup.dsv
[2.423s] -- Installing: /root/ws/src/box_measurement_srv/install/box_measurement_srv/share/box_measurement_srv/package.dsv
[2.423s] -- Installing: /root/ws/src/box_measurement_srv/install/box_measurement_srv/share/ament_index/resource_index/packages/box_measurement_srv
[2.423s] -- Installing: /root/ws/src/box_measurement_srv/install/box_measurement_srv/share/box_measurement_srv/cmake/box_measurement_srv__rosidl_generator_cExport.cmake
[2.423s] -- Installing: /root/ws/src/box_measurement_srv/install/box_measurement_srv/share/box_measurement_srv/cmake/box_measurement_srv__rosidl_generator_cExport-noconfig.cmake
[2.423s] -- Installing: /root/ws/src/box_measurement_srv/install/box_measurement_srv/share/box_measurement_srv/cmake/box_measurement_srv__rosidl_typesupport_introspection_cExport.cmake
[2.423s] -- Installing: /root/ws/src/box_measurement_srv/install/box_measurement_srv/share/box_measurement_srv/cmake/box_measurement_srv__rosidl_typesupport_introspection_cExport-noconfig.cmake
[2.424s] -- Installing: /root/ws/src/box_measurement_srv/install/box_measurement_srv/share/box_measurement_srv/cmake/box_measurement_srv__rosidl_typesupport_cExport.cmake
[2.424s] -- Installing: /root/ws/src/box_measurement_srv/install/box_measurement_srv/share/box_measurement_srv/cmake/box_measurement_srv__rosidl_typesupport_cExport-noconfig.cmake
[2.424s] -- Installing: /root/ws/src/box_measurement_srv/install/box_measurement_srv/share/box_measurement_srv/cmake/box_measurement_srv__rosidl_generator_cppExport.cmake
[2.424s] -- Installing: /root/ws/src/box_measurement_srv/install/box_measurement_srv/share/box_measurement_srv/cmake/box_measurement_srv__rosidl_typesupport_introspection_cppExport.cmake
[2.424s] -- Installing: /root/ws/src/box_measurement_srv/install/box_measurement_srv/share/box_measurement_srv/cmake/box_measurement_srv__rosidl_typesupport_introspection_cppExport-noconfig.cmake
[2.424s] -- Installing: /root/ws/src/box_measurement_srv/install/box_measurement_srv/share/box_measurement_srv/cmake/box_measurement_srv__rosidl_typesupport_cppExport.cmake
[2.424s] -- Installing: /root/ws/src/box_measurement_srv/install/box_measurement_srv/share/box_measurement_srv/cmake/box_measurement_srv__rosidl_typesupport_cppExport-noconfig.cmake
[2.424s] -- Installing: /root/ws/src/box_measurement_srv/install/box_measurement_srv/share/box_measurement_srv/cmake/rosidl_cmake-extras.cmake
[2.424s] -- Installing: /root/ws/src/box_measurement_srv/install/box_measurement_srv/share/box_measurement_srv/cmake/ament_cmake_export_dependencies-extras.cmake
[2.424s] -- Installing: /root/ws/src/box_measurement_srv/install/box_measurement_srv/share/box_measurement_srv/cmake/ament_cmake_export_libraries-extras.cmake
[2.424s] -- Installing: /root/ws/src/box_measurement_srv/install/box_measurement_srv/share/box_measurement_srv/cmake/ament_cmake_export_targets-extras.cmake
[2.425s] -- Installing: /root/ws/src/box_measurement_srv/install/box_measurement_srv/share/box_measurement_srv/cmake/ament_cmake_export_include_directories-extras.cmake
[2.425s] -- Installing: /root/ws/src/box_measurement_srv/install/box_measurement_srv/share/box_measurement_srv/cmake/rosidl_cmake_export_typesupport_libraries-extras.cmake
[2.425s] -- Installing: /root/ws/src/box_measurement_srv/install/box_measurement_srv/share/box_measurement_srv/cmake/rosidl_cmake_export_typesupport_targets-extras.cmake
[2.425s] -- Installing: /root/ws/src/box_measurement_srv/install/box_measurement_srv/share/box_measurement_srv/cmake/box_measurement_srvConfig.cmake
[2.425s] -- Installing: /root/ws/src/box_measurement_srv/install/box_measurement_srv/share/box_measurement_srv/cmake/box_measurement_srvConfig-version.cmake
[2.425s] -- Installing: /root/ws/src/box_measurement_srv/install/box_measurement_srv/share/box_measurement_srv/package.xml
[2.427s] Invoked command in '/root/ws/src/box_measurement_srv/build/box_measurement_srv' returned '0': CMAKE_PREFIX_PATH=${CMAKE_PREFIX_PATH}:/root/ws/install/box_measurement:/opt/ros/foxy /usr/bin/cmake --install /root/ws/src/box_measurement_srv/build/box_measurement_srv
