[0.146s] DEBUG:colcon:Command line arguments: ['/usr/bin/colcon', 'build']
[0.146s] DEBUG:colcon:Parsed command line arguments: Namespace(ament_cmake_args=None, base_paths=['.'], build_base='build', catkin_cmake_args=None, catkin_skip_building_tests=False, cmake_args=None, cmake_clean_cache=False, cmake_clean_first=False, cmake_force_configure=False, cmake_target=None, cmake_target_skip_unavailable=False, continue_on_error=False, event_handlers=None, executor='parallel', ignore_user_meta=False, install_base='install', log_base=None, log_level=None, main=<bound method BuildVerb.main of <colcon_core.verb.build.BuildVerb object at 0x7fea4fe42d00>>, merge_install=False, metas=['./colcon.meta'], mixin=None, mixin_files=None, mixin_verb=('build',), packages_above=None, packages_above_and_dependencies=None, packages_above_depth=None, packages_end=None, packages_ignore=None, packages_ignore_regex=None, packages_select=None, packages_select_build_failed=False, packages_select_by_dep=None, packages_select_regex=None, packages_select_test_failures=False, packages_skip=None, packages_skip_build_finished=False, packages_skip_by_dep=None, packages_skip_regex=None, packages_skip_test_passed=False, packages_skip_up_to=None, packages_start=None, packages_up_to=None, packages_up_to_regex=None, parallel_workers=16, paths=None, symlink_install=False, test_result_base=None, verb_extension=<colcon_core.verb.build.BuildVerb object at 0x7fea4fe42d00>, verb_name='build', verb_parser=<colcon_mixin.mixin.mixin_argument.MixinArgumentDecorator object at 0x7fea4fe50310>)
[0.160s] Level 1:colcon.colcon_core.package_discovery:discover_packages(colcon_meta) check parameters
[0.160s] INFO:colcon.colcon_metadata.package_discovery.colcon_meta:Using configuration from '/root/.colcon/metadata/default/Gazebo.meta'
[0.161s] INFO:colcon.colcon_metadata.package_discovery.colcon_meta:Using configuration from '/root/.colcon/metadata/default/fastrtps.meta'
[0.161s] Level 1:colcon.colcon_core.package_discovery:discover_packages(recursive) check parameters
[0.161s] Level 1:colcon.colcon_core.package_discovery:discover_packages(ignore) check parameters
[0.161s] Level 1:colcon.colcon_core.package_discovery:discover_packages(path) check parameters
[0.161s] Level 1:colcon.colcon_core.package_discovery:discover_packages(colcon_meta) discover
[0.161s] Level 1:colcon.colcon_core.package_discovery:discover_packages(recursive) discover
[0.161s] INFO:colcon.colcon_core.package_discovery:Crawling recursively for packages in '/root/ws/src/box_measurement_srv'
[0.161s] Level 1:colcon.colcon_core.package_identification:_identify(.) by extensions ['ignore', 'ignore_ament_install']
[0.161s] Level 1:colcon.colcon_core.package_identification:_identify(.) by extension 'ignore'
[0.161s] Level 1:colcon.colcon_core.package_identification:_identify(.) by extension 'ignore_ament_install'
[0.161s] Level 1:colcon.colcon_core.package_identification:_identify(.) by extensions ['colcon_pkg']
[0.161s] Level 1:colcon.colcon_core.package_identification:_identify(.) by extension 'colcon_pkg'
[0.161s] Level 1:colcon.colcon_core.package_identification:_identify(.) by extensions ['colcon_meta']
[0.161s] Level 1:colcon.colcon_core.package_identification:_identify(.) by extension 'colcon_meta'
[0.161s] Level 1:colcon.colcon_core.package_identification:_identify(.) by extensions ['ros']
[0.161s] Level 1:colcon.colcon_core.package_identification:_identify(.) by extension 'ros'
[0.173s] DEBUG:colcon.colcon_core.package_identification:Package '.' with type 'ros.ament_cmake' and name 'box_measurement_srv'
[0.173s] Level 1:colcon.colcon_core.package_discovery:discover_packages(recursive) using defaults
[0.173s] Level 1:colcon.colcon_core.package_discovery:discover_packages(ignore) discover
[0.173s] Level 1:colcon.colcon_core.package_discovery:discover_packages(ignore) using defaults
[0.173s] Level 1:colcon.colcon_core.package_discovery:discover_packages(path) discover
[0.173s] Level 1:colcon.colcon_core.package_discovery:discover_packages(path) using defaults
[0.183s] Level 5:colcon.colcon_core.verb:set package 'box_measurement_srv' build argument 'cmake_args' from command line to 'None'
[0.183s] Level 5:colcon.colcon_core.verb:set package 'box_measurement_srv' build argument 'cmake_target' from command line to 'None'
[0.183s] Level 5:colcon.colcon_core.verb:set package 'box_measurement_srv' build argument 'cmake_target_skip_unavailable' from command line to 'False'
[0.183s] Level 5:colcon.colcon_core.verb:set package 'box_measurement_srv' build argument 'cmake_clean_cache' from command line to 'False'
[0.183s] Level 5:colcon.colcon_core.verb:set package 'box_measurement_srv' build argument 'cmake_clean_first' from command line to 'False'
[0.183s] Level 5:colcon.colcon_core.verb:set package 'box_measurement_srv' build argument 'cmake_force_configure' from command line to 'False'
[0.183s] Level 5:colcon.colcon_core.verb:set package 'box_measurement_srv' build argument 'ament_cmake_args' from command line to 'None'
[0.183s] Level 5:colcon.colcon_core.verb:set package 'box_measurement_srv' build argument 'catkin_cmake_args' from command line to 'None'
[0.183s] Level 5:colcon.colcon_core.verb:set package 'box_measurement_srv' build argument 'catkin_skip_building_tests' from command line to 'False'
[0.183s] DEBUG:colcon.colcon_core.verb:Building package 'box_measurement_srv' with the following arguments: {'ament_cmake_args': None, 'build_base': '/root/ws/src/box_measurement_srv/build/box_measurement_srv', 'catkin_cmake_args': None, 'catkin_skip_building_tests': False, 'cmake_args': None, 'cmake_clean_cache': False, 'cmake_clean_first': False, 'cmake_force_configure': False, 'cmake_target': None, 'cmake_target_skip_unavailable': False, 'install_base': '/root/ws/src/box_measurement_srv/install/box_measurement_srv', 'merge_install': False, 'path': '/root/ws/src/box_measurement_srv', 'symlink_install': False, 'test_result_base': None}
[0.183s] INFO:colcon.colcon_core.executor:Executing jobs using 'parallel' executor
[0.185s] DEBUG:colcon.colcon_parallel_executor.executor.parallel:run_until_complete
[0.185s] INFO:colcon.colcon_ros.task.ament_cmake.build:Building ROS package in '/root/ws/src/box_measurement_srv' with build type 'ament_cmake'
[0.185s] INFO:colcon.colcon_cmake.task.cmake.build:Building CMake package in '/root/ws/src/box_measurement_srv'
[0.188s] INFO:colcon.colcon_core.plugin_system:Skipping extension 'colcon_core.shell.bat': Not used on non-Windows systems
[0.188s] INFO:colcon.colcon_core.shell:Skip shell extension 'powershell' for command environment: Not usable outside of PowerShell
[0.188s] DEBUG:colcon.colcon_core.shell:Skip shell extension 'dsv' for command environment
[0.196s] DEBUG:colcon.colcon_core.event_handler.log_command:Invoking command in '/root/ws/src/box_measurement_srv/build/box_measurement_srv': CMAKE_PREFIX_PATH=${CMAKE_PREFIX_PATH}:/root/ws/install/box_measurement:/opt/ros/foxy /usr/bin/cmake /root/ws/src/box_measurement_srv -DCMAKE_INSTALL_PREFIX=/root/ws/src/box_measurement_srv/install/box_measurement_srv
[1.153s] DEBUG:colcon.colcon_core.event_handler.log_command:Invoked command in '/root/ws/src/box_measurement_srv/build/box_measurement_srv' returned '0': CMAKE_PREFIX_PATH=${CMAKE_PREFIX_PATH}:/root/ws/install/box_measurement:/opt/ros/foxy /usr/bin/cmake /root/ws/src/box_measurement_srv -DCMAKE_INSTALL_PREFIX=/root/ws/src/box_measurement_srv/install/box_measurement_srv
[1.155s] DEBUG:colcon.colcon_core.event_handler.log_command:Invoking command in '/root/ws/src/box_measurement_srv/build/box_measurement_srv': CMAKE_PREFIX_PATH=${CMAKE_PREFIX_PATH}:/root/ws/install/box_measurement:/opt/ros/foxy /usr/bin/cmake --build /root/ws/src/box_measurement_srv/build/box_measurement_srv -- -j16 -l16
[2.537s] DEBUG:colcon.colcon_core.event_handler.log_command:Invoked command in '/root/ws/src/box_measurement_srv/build/box_measurement_srv' returned '0': CMAKE_PREFIX_PATH=${CMAKE_PREFIX_PATH}:/root/ws/install/box_measurement:/opt/ros/foxy /usr/bin/cmake --build /root/ws/src/box_measurement_srv/build/box_measurement_srv -- -j16 -l16
[2.576s] DEBUG:colcon.colcon_core.event_handler.log_command:Invoking command in '/root/ws/src/box_measurement_srv/build/box_measurement_srv': CMAKE_PREFIX_PATH=${CMAKE_PREFIX_PATH}:/root/ws/install/box_measurement:/opt/ros/foxy /usr/bin/cmake --install /root/ws/src/box_measurement_srv/build/box_measurement_srv
[2.613s] Level 1:colcon.colcon_core.environment:create_environment_scripts_only(box_measurement_srv)
[2.613s] DEBUG:colcon.colcon_core.event_handler.log_command:Invoked command in '/root/ws/src/box_measurement_srv/build/box_measurement_srv' returned '0': CMAKE_PREFIX_PATH=${CMAKE_PREFIX_PATH}:/root/ws/install/box_measurement:/opt/ros/foxy /usr/bin/cmake --install /root/ws/src/box_measurement_srv/build/box_measurement_srv
[2.616s] Level 1:colcon.colcon_core.environment:checking '/root/ws/src/box_measurement_srv/install/box_measurement_srv' for CMake module files
[2.617s] Level 1:colcon.colcon_core.environment:checking '/root/ws/src/box_measurement_srv/install/box_measurement_srv' for CMake config files
[2.617s] Level 1:colcon.colcon_core.shell:create_environment_hook('box_measurement_srv', 'cmake_prefix_path')
[2.618s] INFO:colcon.colcon_core.shell:Creating environment hook '/root/ws/src/box_measurement_srv/install/box_measurement_srv/share/box_measurement_srv/hook/cmake_prefix_path.ps1'
[2.619s] INFO:colcon.colcon_core.shell:Creating environment descriptor '/root/ws/src/box_measurement_srv/install/box_measurement_srv/share/box_measurement_srv/hook/cmake_prefix_path.dsv'
[2.620s] INFO:colcon.colcon_core.shell:Creating environment hook '/root/ws/src/box_measurement_srv/install/box_measurement_srv/share/box_measurement_srv/hook/cmake_prefix_path.sh'
[2.620s] Level 1:colcon.colcon_core.environment:checking '/root/ws/src/box_measurement_srv/install/box_measurement_srv/lib'
[2.620s] Level 1:colcon.colcon_core.shell:create_environment_hook('box_measurement_srv', 'ld_library_path_lib')
[2.621s] INFO:colcon.colcon_core.shell:Creating environment hook '/root/ws/src/box_measurement_srv/install/box_measurement_srv/share/box_measurement_srv/hook/ld_library_path_lib.ps1'
[2.621s] INFO:colcon.colcon_core.shell:Creating environment descriptor '/root/ws/src/box_measurement_srv/install/box_measurement_srv/share/box_measurement_srv/hook/ld_library_path_lib.dsv'
[2.622s] INFO:colcon.colcon_core.shell:Creating environment hook '/root/ws/src/box_measurement_srv/install/box_measurement_srv/share/box_measurement_srv/hook/ld_library_path_lib.sh'
[2.622s] Level 1:colcon.colcon_core.environment:checking '/root/ws/src/box_measurement_srv/install/box_measurement_srv/bin'
[2.622s] Level 1:colcon.colcon_core.environment:checking '/root/ws/src/box_measurement_srv/install/box_measurement_srv/lib/pkgconfig/box_measurement_srv.pc'
[2.623s] Level 1:colcon.colcon_core.environment:checking '/root/ws/src/box_measurement_srv/install/box_measurement_srv/lib/python3.8/site-packages'
[2.623s] Level 1:colcon.colcon_core.shell:create_environment_hook('box_measurement_srv', 'pythonpath')
[2.623s] INFO:colcon.colcon_core.shell:Creating environment hook '/root/ws/src/box_measurement_srv/install/box_measurement_srv/share/box_measurement_srv/hook/pythonpath.ps1'
[2.624s] INFO:colcon.colcon_core.shell:Creating environment descriptor '/root/ws/src/box_measurement_srv/install/box_measurement_srv/share/box_measurement_srv/hook/pythonpath.dsv'
[2.624s] INFO:colcon.colcon_core.shell:Creating environment hook '/root/ws/src/box_measurement_srv/install/box_measurement_srv/share/box_measurement_srv/hook/pythonpath.sh'
[2.624s] Level 1:colcon.colcon_core.environment:checking '/root/ws/src/box_measurement_srv/install/box_measurement_srv/bin'
[2.625s] INFO:colcon.colcon_core.shell:Creating package script '/root/ws/src/box_measurement_srv/install/box_measurement_srv/share/box_measurement_srv/package.ps1'
[2.625s] INFO:colcon.colcon_core.shell:Creating package descriptor '/root/ws/src/box_measurement_srv/install/box_measurement_srv/share/box_measurement_srv/package.dsv'
[2.626s] INFO:colcon.colcon_core.shell:Creating package script '/root/ws/src/box_measurement_srv/install/box_measurement_srv/share/box_measurement_srv/package.sh'
[2.626s] INFO:colcon.colcon_core.shell:Creating package script '/root/ws/src/box_measurement_srv/install/box_measurement_srv/share/box_measurement_srv/package.bash'
[2.626s] INFO:colcon.colcon_core.shell:Creating package script '/root/ws/src/box_measurement_srv/install/box_measurement_srv/share/box_measurement_srv/package.zsh'
[2.627s] Level 1:colcon.colcon_core.environment:create_file_with_runtime_dependencies(/root/ws/src/box_measurement_srv/install/box_measurement_srv/share/colcon-core/packages/box_measurement_srv)
[2.657s] Level 1:colcon.colcon_core.environment:create_environment_scripts_only(box_measurement_srv)
[2.659s] Level 1:colcon.colcon_core.environment:checking '/root/ws/src/box_measurement_srv/install/box_measurement_srv' for CMake module files
[2.659s] Level 1:colcon.colcon_core.environment:checking '/root/ws/src/box_measurement_srv/install/box_measurement_srv' for CMake config files
[2.659s] Level 1:colcon.colcon_core.shell:create_environment_hook('box_measurement_srv', 'cmake_prefix_path')
[2.660s] INFO:colcon.colcon_core.shell:Creating environment hook '/root/ws/src/box_measurement_srv/install/box_measurement_srv/share/box_measurement_srv/hook/cmake_prefix_path.ps1'
[2.660s] INFO:colcon.colcon_core.shell:Creating environment descriptor '/root/ws/src/box_measurement_srv/install/box_measurement_srv/share/box_measurement_srv/hook/cmake_prefix_path.dsv'
[2.660s] INFO:colcon.colcon_core.shell:Creating environment hook '/root/ws/src/box_measurement_srv/install/box_measurement_srv/share/box_measurement_srv/hook/cmake_prefix_path.sh'
[2.661s] Level 1:colcon.colcon_core.environment:checking '/root/ws/src/box_measurement_srv/install/box_measurement_srv/lib'
[2.661s] Level 1:colcon.colcon_core.shell:create_environment_hook('box_measurement_srv', 'ld_library_path_lib')
[2.661s] INFO:colcon.colcon_core.shell:Creating environment hook '/root/ws/src/box_measurement_srv/install/box_measurement_srv/share/box_measurement_srv/hook/ld_library_path_lib.ps1'
[2.662s] INFO:colcon.colcon_core.shell:Creating environment descriptor '/root/ws/src/box_measurement_srv/install/box_measurement_srv/share/box_measurement_srv/hook/ld_library_path_lib.dsv'
[2.662s] INFO:colcon.colcon_core.shell:Creating environment hook '/root/ws/src/box_measurement_srv/install/box_measurement_srv/share/box_measurement_srv/hook/ld_library_path_lib.sh'
[2.662s] Level 1:colcon.colcon_core.environment:checking '/root/ws/src/box_measurement_srv/install/box_measurement_srv/bin'
[2.662s] Level 1:colcon.colcon_core.environment:checking '/root/ws/src/box_measurement_srv/install/box_measurement_srv/lib/pkgconfig/box_measurement_srv.pc'
[2.662s] Level 1:colcon.colcon_core.environment:checking '/root/ws/src/box_measurement_srv/install/box_measurement_srv/lib/python3.8/site-packages'
[2.662s] Level 1:colcon.colcon_core.shell:create_environment_hook('box_measurement_srv', 'pythonpath')
[2.663s] INFO:colcon.colcon_core.shell:Creating environment hook '/root/ws/src/box_measurement_srv/install/box_measurement_srv/share/box_measurement_srv/hook/pythonpath.ps1'
[2.663s] INFO:colcon.colcon_core.shell:Creating environment descriptor '/root/ws/src/box_measurement_srv/install/box_measurement_srv/share/box_measurement_srv/hook/pythonpath.dsv'
[2.663s] INFO:colcon.colcon_core.shell:Creating environment hook '/root/ws/src/box_measurement_srv/install/box_measurement_srv/share/box_measurement_srv/hook/pythonpath.sh'
[2.663s] Level 1:colcon.colcon_core.environment:checking '/root/ws/src/box_measurement_srv/install/box_measurement_srv/bin'
[2.664s] INFO:colcon.colcon_core.shell:Creating package script '/root/ws/src/box_measurement_srv/install/box_measurement_srv/share/box_measurement_srv/package.ps1'
[2.664s] INFO:colcon.colcon_core.shell:Creating package descriptor '/root/ws/src/box_measurement_srv/install/box_measurement_srv/share/box_measurement_srv/package.dsv'
[2.664s] INFO:colcon.colcon_core.shell:Creating package script '/root/ws/src/box_measurement_srv/install/box_measurement_srv/share/box_measurement_srv/package.sh'
[2.665s] INFO:colcon.colcon_core.shell:Creating package script '/root/ws/src/box_measurement_srv/install/box_measurement_srv/share/box_measurement_srv/package.bash'
[2.665s] INFO:colcon.colcon_core.shell:Creating package script '/root/ws/src/box_measurement_srv/install/box_measurement_srv/share/box_measurement_srv/package.zsh'
[2.665s] Level 1:colcon.colcon_core.environment:create_file_with_runtime_dependencies(/root/ws/src/box_measurement_srv/install/box_measurement_srv/share/colcon-core/packages/box_measurement_srv)
[2.665s] DEBUG:colcon.colcon_parallel_executor.executor.parallel:closing loop
[2.665s] DEBUG:colcon.colcon_parallel_executor.executor.parallel:loop closed
[2.665s] DEBUG:colcon.colcon_parallel_executor.executor.parallel:run_until_complete finished with '0'
[2.665s] DEBUG:colcon.colcon_core.event_reactor:joining thread
[2.669s] INFO:colcon.colcon_core.plugin_system:Skipping extension 'colcon_notification.desktop_notification.notify_send': Could not find 'notify-send'
[2.669s] INFO:colcon.colcon_core.plugin_system:Skipping extension 'colcon_notification.desktop_notification.terminal_notifier': Not used on non-Darwin systems
[2.669s] INFO:colcon.colcon_core.plugin_system:Skipping extension 'colcon_notification.desktop_notification.win32': Not used on non-Windows systems
[2.669s] INFO:colcon.colcon_notification.desktop_notification:Sending desktop notification using 'notify2'
[2.669s] DEBUG:colcon.colcon_notification.desktop_notification.notify2:Failed to initialize notify2: org.freedesktop.DBus.Error.NotSupported: Unable to autolaunch a dbus-daemon without a $DISPLAY for X11
[2.669s] DEBUG:colcon.colcon_core.event_reactor:joined thread
[2.670s] INFO:colcon.colcon_core.shell:Creating prefix script '/root/ws/src/box_measurement_srv/install/local_setup.ps1'
[2.670s] INFO:colcon.colcon_core.shell:Creating prefix util module '/root/ws/src/box_measurement_srv/install/_local_setup_util_ps1.py'
[2.671s] INFO:colcon.colcon_core.shell:Creating prefix chain script '/root/ws/src/box_measurement_srv/install/setup.ps1'
[2.672s] INFO:colcon.colcon_core.shell:Creating prefix script '/root/ws/src/box_measurement_srv/install/local_setup.sh'
[2.672s] INFO:colcon.colcon_core.shell:Creating prefix util module '/root/ws/src/box_measurement_srv/install/_local_setup_util_sh.py'
[2.672s] INFO:colcon.colcon_core.shell:Creating prefix chain script '/root/ws/src/box_measurement_srv/install/setup.sh'
[2.673s] INFO:colcon.colcon_core.shell:Creating prefix script '/root/ws/src/box_measurement_srv/install/local_setup.bash'
[2.673s] INFO:colcon.colcon_core.shell:Creating prefix chain script '/root/ws/src/box_measurement_srv/install/setup.bash'
[2.673s] INFO:colcon.colcon_core.shell:Creating prefix script '/root/ws/src/box_measurement_srv/install/local_setup.zsh'
[2.674s] INFO:colcon.colcon_core.shell:Creating prefix chain script '/root/ws/src/box_measurement_srv/install/setup.zsh'
